\BOOKMARK [1][-]{section*.1}{\376\377\000D\000e\000t\000a\000i\000l\000e\000d\000\040\000S\000e\000c\000t\000i\000o\000n\000\040\000O\000v\000e\000r\000v\000i\000e\000w}{}% 1
\BOOKMARK [1][-]{section.1}{\376\377\000R\000e\000p\000l\000a\000c\000e\000a\000b\000l\000e\000\040\000R\000u\000l\000e\000s\000\040\000E\000x\000c\000l\000u\000d\000e\000d}{}% 2
\BOOKMARK [1][-]{section.2}{\376\377\000D\000e\000f\000i\000n\000i\000t\000i\000o\000n\000s\000\040\000a\000n\000d\000\040\000i\000n\000t\000e\000r\000p\000r\000e\000t\000a\000t\000i\000o\000n}{}% 3
\BOOKMARK [2][-]{subsection.2.1}{\376\377\000D\000e\000f\000i\000n\000i\000t\000i\000o\000n\000s\000\040\000i\000n\000\040\000t\000h\000i\000s\000\040\000c\000o\000n\000s\000t\000i\000t\000u\000t\000i\000o\000n\000:}{section.2}% 4
\BOOKMARK [2][-]{subsection.2.2}{\376\377\000I\000n\000t\000e\000r\000p\000r\000e\000t\000a\000t\000i\000o\000n}{section.2}% 5
\BOOKMARK [1][-]{section.3}{\376\377\000N\000a\000t\000u\000r\000e\000\040\000a\000n\000d\000\040\000p\000o\000w\000e\000r\000s\000\040\000o\000f\000\040\000t\000h\000e\000\040\000C\000o\000m\000p\000a\000n\000y}{}% 6
\BOOKMARK [2][-]{subsection.3.1}{\376\377\000P\000r\000o\000p\000r\000i\000e\000t\000a\000r\000y\000\040\000c\000o\000m\000p\000a\000n\000y}{section.3}% 7
\BOOKMARK [2][-]{subsection.3.2}{\376\377\000P\000o\000w\000e\000r\000s\000\040\000o\000f\000\040\000a\000n\000\040\000i\000n\000d\000i\000v\000i\000d\000u\000a\000l}{section.3}% 8
\BOOKMARK [2][-]{subsection.3.3}{\376\377\000P\000o\000w\000e\000r\000s\000\040\000o\000f\000\040\000a\000\040\000b\000o\000d\000y\000\040\000c\000o\000r\000p\000o\000r\000a\000t\000e}{section.3}% 9
\BOOKMARK [2][-]{subsection.3.4}{\376\377\000C\000a\000p\000a\000c\000i\000t\000y\000\040\000n\000o\000t\000\040\000a\000f\000f\000e\000c\000t\000e\000d}{section.3}% 10
\BOOKMARK [1][-]{section.4}{\376\377\000I\000s\000s\000u\000e\000\040\000o\000f\000\040\000s\000h\000a\000r\000e\000s}{}% 11
\BOOKMARK [2][-]{subsection.4.1}{\376\377\000D\000i\000r\000e\000c\000t\000o\000r\000s\000\040\000t\000o\000\040\000i\000s\000s\000u\000e\000\040\000s\000h\000a\000r\000e\000s}{section.4}% 12
\BOOKMARK [2][-]{subsection.4.2}{\376\377\000P\000r\000e\000-\000e\000m\000p\000t\000i\000o\000n\000\040\000f\000o\000r\000\040\000e\000x\000i\000s\000t\000i\000n\000g\000\040\000m\000e\000m\000b\000e\000r\000s\000\040\000o\000n\000\040\000i\000s\000s\000u\000e\000\040\000o\000f\000\040\000s\000h\000a\000r\000e\000s}{section.4}% 13
\BOOKMARK [1][-]{section.5}{\376\377\000S\000h\000a\000r\000e\000\040\000c\000l\000a\000s\000s\000e\000s\000\040\000a\000n\000d\000\040\000r\000i\000g\000h\000t\000s}{}% 14
\BOOKMARK [2][-]{subsection.5.1}{\376\377\000S\000h\000a\000r\000e\000\040\000c\000l\000a\000s\000s\000\040\000s\000t\000r\000u\000c\000t\000u\000r\000e}{section.5}% 15
\BOOKMARK [2][-]{subsection.5.2}{\376\377\000O\000r\000d\000i\000n\000a\000r\000y\000\040\000S\000h\000a\000r\000e\000s\000\040\000\050\000V\000o\000t\000i\000n\000g\000\051}{section.5}% 16
\BOOKMARK [2][-]{subsection.5.3}{\376\377\000E\000m\000p\000l\000o\000y\000e\000e\000\040\000O\000r\000d\000i\000n\000a\000r\000y\000\040\000S\000h\000a\000r\000e\000s\000\040\000\050\000N\000o\000n\000-\000V\000o\000t\000i\000n\000g\000\051}{section.5}% 17
\BOOKMARK [2][-]{subsection.5.4}{\376\377\000P\000r\000e\000f\000e\000r\000e\000n\000c\000e\000\040\000S\000h\000a\000r\000e\000s\000\040\000\050\000N\000o\000n\000-\000V\000o\000t\000i\000n\000g\000\051}{section.5}% 18
\BOOKMARK [2][-]{subsection.5.5}{\376\377\000G\000e\000n\000e\000r\000a\000l\000\040\000p\000r\000o\000v\000i\000s\000i\000o\000n\000s\000\040\000f\000o\000r\000\040\000p\000r\000e\000f\000e\000r\000e\000n\000c\000e\000\040\000s\000h\000a\000r\000e\000s}{section.5}% 19
\BOOKMARK [2][-]{subsection.5.6}{\376\377\000R\000e\000d\000e\000e\000m\000a\000b\000l\000e\000\040\000p\000r\000e\000f\000e\000r\000e\000n\000c\000e\000\040\000s\000h\000a\000r\000e\000s}{section.5}% 20
\BOOKMARK [1][-]{section.6}{\376\377\000C\000o\000n\000v\000e\000r\000s\000i\000o\000n\000\040\000o\000f\000\040\000s\000h\000a\000r\000e\000s}{}% 21
\BOOKMARK [1][-]{section.7}{\376\377\000C\000a\000l\000l\000s\000\040\000o\000n\000\040\000p\000a\000r\000t\000l\000y\000\040\000p\000a\000i\000d\000\040\000s\000h\000a\000r\000e\000s}{}% 22
\BOOKMARK [1][-]{section.8}{\376\377\000S\000h\000a\000r\000e\000h\000o\000l\000d\000e\000r\000s\000\040\000A\000g\000r\000e\000e\000m\000e\000n\000t\000\040\000c\000o\000m\000p\000l\000i\000a\000n\000c\000e}{}% 23
\BOOKMARK [2][-]{subsection.8.1}{\376\377\000P\000r\000i\000m\000a\000c\000y\000\040\000o\000f\000\040\000S\000h\000a\000r\000e\000h\000o\000l\000d\000e\000r\000s\000\040\000A\000g\000r\000e\000e\000m\000e\000n\000t}{section.8}% 24
\BOOKMARK [2][-]{subsection.8.2}{\376\377\000S\000h\000a\000r\000e\000\040\000t\000r\000a\000n\000s\000f\000e\000r\000\040\000r\000e\000s\000t\000r\000i\000c\000t\000i\000o\000n\000s}{section.8}% 25
\BOOKMARK [2][-]{subsection.8.3}{\376\377\000C\000o\000r\000p\000o\000r\000a\000t\000e\000\040\000g\000o\000v\000e\000r\000n\000a\000n\000c\000e}{section.8}% 26
\BOOKMARK [1][-]{section.9}{\376\377\000R\000i\000g\000h\000t\000\040\000t\000o\000\040\000l\000i\000e\000n}{}% 27
\BOOKMARK [1][-]{section.10}{\376\377\000I\000m\000p\000o\000s\000i\000t\000i\000o\000n\000\040\000o\000f\000\040\000a\000\040\000l\000i\000a\000b\000i\000l\000i\000t\000y}{}% 28
\BOOKMARK [1][-]{section.11}{\376\377\000S\000a\000l\000e\000\040\000o\000f\000\040\000s\000h\000a\000r\000e\000s\000\040\000s\000u\000b\000j\000e\000c\000t\000\040\000t\000o\000\040\000l\000i\000e\000n}{}% 29
\BOOKMARK [1][-]{section.12}{\376\377\000S\000u\000r\000r\000e\000n\000d\000e\000r\000\040\000o\000f\000\040\000s\000h\000a\000r\000e\000s}{}% 30
\BOOKMARK [1][-]{section.13}{\376\377\000P\000o\000w\000e\000r\000\040\000t\000o\000\040\000c\000a\000p\000i\000t\000a\000l\000i\000s\000e\000\040\000a\000n\000d\000\040\000i\000s\000s\000u\000e\000\040\000d\000e\000b\000e\000n\000t\000u\000r\000e\000s\000\040\000t\000o\000\040\000m\000e\000m\000b\000e\000r\000s}{}% 31
\BOOKMARK [1][-]{section.14}{\376\377\000J\000o\000i\000n\000t\000\040\000h\000o\000l\000d\000e\000r\000s}{}% 32
\BOOKMARK [1][-]{section.15}{\376\377\000T\000e\000r\000m\000s\000\040\000o\000f\000\040\000l\000o\000a\000n\000s\000\040\000t\000o\000\040\000s\000h\000a\000r\000e\000h\000o\000l\000d\000e\000r\000s}{}% 33
\BOOKMARK [1][-]{section.16}{\376\377\000B\000r\000o\000k\000e\000r\000a\000g\000e\000\040\000o\000r\000\040\000c\000o\000m\000m\000i\000s\000s\000i\000o\000n}{}% 34
\BOOKMARK [1][-]{section.17}{\376\377\000E\000n\000t\000i\000t\000l\000e\000m\000e\000n\000t\000\040\000t\000o\000\040\000s\000h\000a\000r\000e\000\040\000c\000e\000r\000t\000i\000f\000i\000c\000a\000t\000e\000s}{}% 35
\BOOKMARK [1][-]{section.18}{\376\377\000R\000e\000p\000l\000a\000c\000e\000m\000e\000n\000t\000\040\000o\000f\000\040\000c\000e\000r\000t\000i\000f\000i\000c\000a\000t\000e\000s}{}% 36
\BOOKMARK [1][-]{section.19}{\376\377\000R\000e\000c\000o\000g\000n\000i\000t\000i\000o\000n\000\040\000o\000f\000\040\000o\000w\000n\000e\000r\000s\000h\000i\000p}{}% 37
\BOOKMARK [1][-]{section.20}{\376\377\000T\000r\000a\000n\000s\000f\000e\000r\000\040\000o\000f\000\040\000s\000h\000a\000r\000e\000s}{}% 38
\BOOKMARK [1][-]{section.21}{\376\377\000R\000e\000g\000i\000s\000t\000r\000a\000t\000i\000o\000n\000\040\000o\000f\000\040\000t\000r\000a\000n\000s\000f\000e\000r\000s\000\040\000-\000\040\000p\000r\000o\000c\000e\000d\000u\000r\000e}{}% 39
\BOOKMARK [1][-]{section.22}{\376\377\000T\000r\000a\000n\000s\000m\000i\000s\000s\000i\000o\000n\000\040\000o\000f\000\040\000s\000h\000a\000r\000e\000s}{}% 40
\BOOKMARK [1][-]{section.23}{\376\377\000P\000r\000o\000c\000e\000d\000u\000r\000e\000\040\000f\000o\000r\000\040\000f\000o\000r\000f\000e\000i\000t\000u\000r\000e}{}% 41
\BOOKMARK [1][-]{section.24}{\376\377\000T\000r\000a\000n\000s\000f\000e\000r\000\040\000o\000f\000\040\000f\000o\000r\000f\000e\000i\000t\000e\000d\000\040\000s\000h\000a\000r\000e}{}% 42
\BOOKMARK [1][-]{section.25}{\376\377\000V\000a\000r\000i\000a\000t\000i\000o\000n\000\040\000o\000f\000\040\000c\000l\000a\000s\000s\000\040\000r\000i\000g\000h\000t\000s}{}% 43
\BOOKMARK [1][-]{section.26}{\376\377\000C\000i\000r\000c\000u\000l\000a\000t\000i\000n\000g\000\040\000r\000e\000s\000o\000l\000u\000t\000i\000o\000n\000s\000\040\000-\000\040\000m\000o\000r\000e\000\040\000t\000h\000a\000n\000\040\000o\000n\000e\000\040\000m\000e\000m\000b\000e\000r}{}% 44
\BOOKMARK [1][-]{section.27}{\376\377\000R\000e\000s\000o\000l\000u\000t\000i\000o\000n\000s\000\040\000o\000f\000\040\000o\000n\000e\000\040\000m\000e\000m\000b\000e\000r\000\040\000c\000o\000m\000p\000a\000n\000y}{}% 45
\BOOKMARK [1][-]{section.28}{\376\377\000C\000a\000l\000l\000i\000n\000g\000\040\000o\000f\000\040\000g\000e\000n\000e\000r\000a\000l\000\040\000m\000e\000e\000t\000i\000n\000g}{}% 46
\BOOKMARK [1][-]{section.29}{\376\377\000A\000m\000o\000u\000n\000t\000\040\000o\000f\000\040\000n\000o\000t\000i\000c\000e\000\040\000o\000f\000\040\000m\000e\000e\000t\000i\000n\000g}{}% 47
\BOOKMARK [1][-]{section.30}{\376\377\000P\000e\000r\000s\000o\000n\000s\000\040\000e\000n\000t\000i\000t\000l\000e\000d\000\040\000t\000o\000\040\000n\000o\000t\000i\000c\000e\000\040\000o\000f\000\040\000g\000e\000n\000e\000r\000a\000l\000\040\000m\000e\000e\000t\000i\000n\000g}{}% 48
\BOOKMARK [1][-]{section.31}{\376\377\000N\000o\000t\000i\000c\000e\000\040\000u\000p\000o\000n\000\040\000t\000r\000a\000n\000s\000m\000i\000s\000s\000i\000o\000n}{}% 49
\BOOKMARK [1][-]{section.32}{\376\377\000H\000o\000w\000\040\000n\000o\000t\000i\000c\000e\000\040\000i\000s\000\040\000g\000i\000v\000e\000n}{}% 50
\BOOKMARK [1][-]{section.33}{\376\377\000W\000h\000e\000n\000\040\000n\000o\000t\000i\000c\000e\000\040\000i\000s\000\040\000g\000i\000v\000e\000n}{}% 51
\BOOKMARK [1][-]{section.34}{\376\377\000P\000e\000r\000i\000o\000d\000\040\000o\000f\000\040\000n\000o\000t\000i\000c\000e}{}% 52
\BOOKMARK [1][-]{section.35}{\376\377\000C\000o\000n\000t\000e\000n\000t\000s\000\040\000o\000f\000\040\000n\000o\000t\000i\000c\000e}{}% 53
\BOOKMARK [1][-]{section.36}{\376\377\000C\000o\000n\000s\000t\000r\000u\000c\000t\000i\000v\000e\000\040\000n\000o\000t\000i\000c\000e}{}% 54
\BOOKMARK [1][-]{section.37}{\376\377\000N\000o\000t\000i\000c\000e\000\040\000o\000f\000\040\000a\000d\000j\000o\000u\000r\000n\000e\000d\000\040\000m\000e\000e\000t\000i\000n\000g}{}% 55
\BOOKMARK [1][-]{section.38}{\376\377\000A\000c\000c\000i\000d\000e\000n\000t\000a\000l\000\040\000o\000m\000i\000s\000s\000i\000o\000n\000\040\000t\000o\000\040\000g\000i\000v\000e\000\040\000n\000o\000t\000i\000c\000e}{}% 56
\BOOKMARK [1][-]{section.39}{\376\377\000P\000o\000s\000t\000p\000o\000n\000e\000m\000e\000n\000t\000\040\000o\000f\000\040\000g\000e\000n\000e\000r\000a\000l\000\040\000m\000e\000e\000t\000i\000n\000g}{}% 57
\BOOKMARK [1][-]{section.40}{\376\377\000T\000e\000c\000h\000n\000o\000l\000o\000g\000y}{}% 58
\BOOKMARK [1][-]{section.41}{\376\377\000Q\000u\000o\000r\000u\000m\000\040\000f\000o\000r\000\040\000m\000e\000e\000t\000i\000n\000g\000\040\000o\000f\000\040\000m\000e\000m\000b\000e\000r\000s}{}% 59
\BOOKMARK [1][-]{section.42}{\376\377\000C\000h\000a\000i\000r\000p\000e\000r\000s\000o\000n\000\040\000a\000t\000\040\000g\000e\000n\000e\000r\000a\000l\000\040\000m\000e\000e\000t\000i\000n\000g\000s}{}% 60
\BOOKMARK [1][-]{section.43}{\376\377\000B\000u\000s\000i\000n\000e\000s\000s\000\040\000a\000t\000\040\000a\000d\000j\000o\000u\000r\000n\000e\000d\000\040\000m\000e\000e\000t\000i\000n\000g\000s}{}% 61
\BOOKMARK [1][-]{section.44}{\376\377\000W\000h\000o\000\040\000c\000a\000n\000\040\000a\000p\000p\000o\000i\000n\000t\000\040\000a\000\040\000p\000r\000o\000x\000y}{}% 62
\BOOKMARK [1][-]{section.45}{\376\377\000R\000i\000g\000h\000t\000s\000\040\000o\000f\000\040\000p\000r\000o\000x\000i\000e\000s}{}% 63
\BOOKMARK [1][-]{section.46}{\376\377\000W\000h\000e\000n\000\040\000p\000r\000o\000x\000y\000\040\000f\000o\000r\000m\000\040\000m\000u\000s\000t\000\040\000b\000e\000\040\000s\000e\000n\000t\000\040\000t\000o\000\040\000a\000l\000l\000\040\000m\000e\000m\000b\000e\000r\000s}{}% 64
\BOOKMARK [1][-]{section.47}{\376\377\000A\000p\000p\000o\000i\000n\000t\000i\000n\000g\000\040\000a\000\040\000p\000r\000o\000x\000y}{}% 65
\BOOKMARK [1][-]{section.48}{\376\377\000F\000o\000r\000m\000\040\000o\000f\000\040\000p\000r\000o\000x\000y\000\040\000s\000e\000n\000t\000\040\000o\000u\000t\000\040\000b\000y\000\040\000C\000o\000m\000p\000a\000n\000y}{}% 66
\BOOKMARK [1][-]{section.49}{\376\377\000R\000e\000c\000e\000i\000p\000t\000\040\000o\000f\000\040\000p\000r\000o\000x\000y\000\040\000d\000o\000c\000u\000m\000e\000n\000t\000s}{}% 67
\BOOKMARK [1][-]{section.50}{\376\377\000V\000a\000l\000i\000d\000i\000t\000y\000\040\000o\000f\000\040\000p\000r\000o\000x\000y\000\040\000v\000o\000t\000e}{}% 68
\BOOKMARK [1][-]{section.51}{\376\377\000B\000o\000d\000y\000\040\000c\000o\000r\000p\000o\000r\000a\000t\000e\000\040\000r\000e\000p\000r\000e\000s\000e\000n\000t\000a\000t\000i\000v\000e}{}% 69
\BOOKMARK [1][-]{section.52}{\376\377\000H\000o\000w\000\040\000m\000a\000n\000y\000\040\000v\000o\000t\000e\000s\000\040\000a\000\040\000m\000e\000m\000b\000e\000r\000\040\000h\000a\000s}{}% 70
\BOOKMARK [1][-]{section.53}{\376\377\000J\000o\000i\000n\000t\000l\000y\000\040\000h\000e\000l\000d\000\040\000s\000h\000a\000r\000e\000s}{}% 71
\BOOKMARK [1][-]{section.54}{\376\377\000D\000e\000m\000a\000n\000d\000\040\000f\000o\000r\000\040\000p\000o\000l\000l}{}% 72
\BOOKMARK [1][-]{section.55}{\376\377\000W\000h\000e\000n\000\040\000p\000o\000l\000l\000\040\000i\000s\000\040\000d\000e\000m\000a\000n\000d\000e\000d}{}% 73
\BOOKMARK [1][-]{section.56}{\376\377\000O\000b\000j\000e\000c\000t\000i\000o\000n\000\040\000t\000o\000\040\000q\000u\000a\000l\000i\000f\000i\000c\000a\000t\000i\000o\000n\000\040\000o\000f\000\040\000v\000o\000t\000e\000r}{}% 74
\BOOKMARK [1][-]{section.57}{\376\377\000V\000o\000t\000e\000s\000\040\000n\000o\000t\000\040\000d\000i\000s\000a\000l\000l\000o\000w\000e\000d\000\040\000b\000y\000\040\000o\000b\000j\000e\000c\000t\000i\000o\000n}{}% 75
\BOOKMARK [1][-]{section.58}{\376\377\000D\000i\000r\000e\000c\000t\000\040\000v\000o\000t\000i\000n\000g}{}% 76
\BOOKMARK [1][-]{section.59}{\376\377\000W\000h\000e\000n\000\040\000a\000n\000d\000\040\000h\000o\000w\000\040\000p\000o\000l\000l\000s\000\040\000m\000u\000s\000t\000\040\000b\000e\000\040\000t\000a\000k\000e\000n}{}% 77
\BOOKMARK [1][-]{section.60}{\376\377\000C\000h\000a\000i\000r\000p\000e\000r\000s\000o\000n\000'\000s\000\040\000c\000a\000s\000t\000i\000n\000g\000\040\000v\000o\000t\000e}{}% 78
\BOOKMARK [1][-]{section.61}{\376\377\000V\000o\000t\000i\000n\000g\000\040\000r\000i\000g\000h\000t\000s\000\040\000o\000f\000\040\000p\000e\000r\000s\000o\000n\000s\000\040\000e\000n\000t\000i\000t\000l\000e\000d\000\040\000u\000n\000d\000e\000r\000\040\000t\000r\000a\000n\000s\000m\000i\000s\000s\000i\000o\000n\000\040\000r\000u\000l\000e}{}% 79
\BOOKMARK [1][-]{section.62}{\376\377\000R\000e\000s\000o\000l\000u\000t\000i\000o\000n\000s\000\040\000p\000r\000o\000p\000o\000s\000e\000d\000\040\000b\000y\000\040\000m\000e\000m\000b\000e\000r\000s}{}% 80
\BOOKMARK [1][-]{section.63}{\376\377\000N\000u\000m\000b\000e\000r\000\040\000o\000f\000\040\000d\000i\000r\000e\000c\000t\000o\000r\000s}{}% 81
\BOOKMARK [1][-]{section.64}{\376\377\000D\000i\000r\000e\000c\000t\000o\000r\000s\000'\000\040\000q\000u\000a\000l\000i\000f\000i\000c\000a\000t\000i\000o\000n\000s}{}% 82
\BOOKMARK [1][-]{section.65}{\376\377\000A\000p\000p\000o\000i\000n\000t\000m\000e\000n\000t\000\040\000o\000f\000\040\000d\000i\000r\000e\000c\000t\000o\000r\000s}{}% 83
\BOOKMARK [1][-]{section.66}{\376\377\000T\000i\000m\000e\000\040\000a\000p\000p\000o\000i\000n\000t\000m\000e\000n\000t\000\040\000o\000r\000\040\000r\000e\000t\000i\000r\000e\000m\000e\000n\000t\000\040\000t\000a\000k\000e\000s\000\040\000e\000f\000f\000e\000c\000t}{}% 84
\BOOKMARK [1][-]{section.67}{\376\377\000I\000n\000s\000u\000f\000f\000i\000c\000i\000e\000n\000t\000\040\000d\000i\000r\000e\000c\000t\000o\000r\000s}{}% 85
\BOOKMARK [1][-]{section.68}{\376\377\000A\000p\000p\000o\000i\000n\000t\000m\000e\000n\000t\000\040\000o\000f\000\040\000n\000e\000w\000\040\000d\000i\000r\000e\000c\000t\000o\000r\000\040\000i\000f\000\040\000s\000i\000n\000g\000l\000e\000\040\000d\000i\000r\000e\000c\000t\000o\000r\000/\000s\000h\000a\000r\000e\000h\000o\000l\000d\000e\000r\000\040\000d\000i\000e\000s\000\040\000e\000t\000c}{}% 86
\BOOKMARK [1][-]{section.69}{\376\377\000A\000p\000p\000o\000i\000n\000t\000m\000e\000n\000t}{}% 87
\BOOKMARK [1][-]{section.70}{\376\377\000N\000o\000\040\000a\000l\000t\000e\000r\000n\000a\000t\000e\000\040\000d\000i\000r\000e\000c\000t\000o\000r\000\040\000i\000n\000\040\000s\000o\000l\000e\000\040\000d\000i\000r\000e\000c\000t\000o\000r\000\040\000c\000o\000m\000p\000a\000n\000y}{}% 88
\BOOKMARK [1][-]{section.71}{\376\377\000R\000i\000g\000h\000t\000s\000\040\000a\000n\000d\000\040\000p\000o\000w\000e\000r\000s\000\040\000o\000f\000\040\000a\000l\000t\000e\000r\000n\000a\000t\000e\000\040\000d\000i\000r\000e\000c\000t\000o\000r}{}% 89
\BOOKMARK [1][-]{section.72}{\376\377\000S\000u\000s\000p\000e\000n\000s\000i\000o\000n\000\040\000o\000r\000\040\000r\000e\000v\000o\000c\000a\000t\000i\000o\000n\000\040\000o\000f\000\040\000a\000p\000p\000o\000i\000n\000t\000m\000e\000n\000t}{}% 90
\BOOKMARK [1][-]{section.73}{\376\377\000F\000o\000r\000m\000\040\000o\000f\000\040\000a\000p\000p\000o\000i\000n\000t\000m\000e\000n\000t\000,\000\040\000s\000u\000s\000p\000e\000n\000s\000i\000o\000n\000\040\000o\000r\000\040\000r\000e\000v\000o\000c\000a\000t\000i\000o\000n}{}% 91
\BOOKMARK [1][-]{section.74}{\376\377\000T\000e\000r\000m\000i\000n\000a\000t\000i\000o\000n\000\040\000o\000f\000\040\000a\000p\000p\000o\000i\000n\000t\000m\000e\000n\000t}{}% 92
\BOOKMARK [1][-]{section.75}{\376\377\000P\000o\000w\000e\000r\000\040\000t\000o\000\040\000a\000c\000t\000\040\000a\000s\000\040\000a\000n\000\040\000a\000l\000t\000e\000r\000n\000a\000t\000e\000\040\000f\000o\000r\000\040\000m\000o\000r\000e\000\040\000t\000h\000a\000n\000\040\000o\000n\000e\000\040\000d\000i\000r\000e\000c\000t\000o\000r}{}% 93
\BOOKMARK [1][-]{section.76}{\376\377\000V\000a\000l\000i\000d\000a\000t\000i\000o\000n\000\040\000o\000f\000\040\000a\000c\000t\000s\000\040\000o\000f\000\040\000d\000i\000r\000e\000c\000t\000o\000r\000s\000\040\000a\000n\000d\000\040\000s\000e\000c\000r\000e\000t\000a\000r\000i\000e\000s}{}% 94
\BOOKMARK [1][-]{section.77}{\376\377\000G\000e\000n\000e\000r\000a\000l\000\040\000b\000u\000s\000i\000n\000e\000s\000s\000\040\000m\000a\000n\000a\000g\000e\000m\000e\000n\000t}{}% 95
\BOOKMARK [1][-]{section.78}{\376\377\000B\000o\000r\000r\000o\000w\000i\000n\000g\000\040\000p\000o\000w\000e\000r\000s}{}% 96
\BOOKMARK [1][-]{section.79}{\376\377\000A\000p\000p\000o\000i\000n\000t\000m\000e\000n\000t\000\040\000o\000f\000\040\000a\000t\000t\000o\000r\000n\000e\000y}{}% 97
\BOOKMARK [1][-]{section.80}{\376\377\000N\000e\000g\000o\000t\000i\000a\000b\000l\000e\000\040\000i\000n\000s\000t\000r\000u\000m\000e\000n\000t\000s}{}% 98
\BOOKMARK [1][-]{section.81}{\376\377\000D\000e\000l\000e\000g\000a\000t\000i\000o\000n}{}% 99
\BOOKMARK [1][-]{section.82}{\376\377\000C\000o\000m\000m\000i\000t\000t\000e\000e\000\040\000o\000f\000\040\000d\000i\000r\000e\000c\000t\000o\000r\000s}{}% 100
\BOOKMARK [1][-]{section.83}{\376\377\000P\000o\000w\000e\000r\000\040\000t\000o\000\040\000a\000p\000p\000o\000i\000n\000t\000\040\000M\000a\000n\000a\000g\000i\000n\000g\000\040\000D\000i\000r\000e\000c\000t\000o\000r}{}% 101
\BOOKMARK [1][-]{section.84}{\376\377\000Q\000u\000a\000l\000i\000f\000i\000c\000a\000t\000i\000o\000n\000s}{}% 102
\BOOKMARK [1][-]{section.85}{\376\377\000P\000o\000w\000e\000r\000s}{}% 103
\BOOKMARK [1][-]{section.86}{\376\377\000W\000i\000t\000h\000d\000r\000a\000w\000a\000l\000\040\000o\000f\000\040\000a\000p\000p\000o\000i\000n\000t\000m\000e\000n\000t\000\040\000o\000r\000\040\000p\000o\000w\000e\000r\000s}{}% 104
\BOOKMARK [1][-]{section.87}{\376\377\000T\000e\000m\000p\000o\000r\000a\000r\000y\000\040\000a\000p\000p\000o\000i\000n\000t\000m\000e\000n\000t\000s}{}% 105
\BOOKMARK [1][-]{section.88}{\376\377\000R\000e\000m\000o\000v\000a\000l\000\040\000o\000f\000\040\000d\000i\000r\000e\000c\000t\000o\000r\000s}{}% 106
\BOOKMARK [1][-]{section.89}{\376\377\000R\000e\000s\000i\000g\000n\000a\000t\000i\000o\000n\000\040\000o\000f\000\040\000d\000i\000r\000e\000c\000t\000o\000r}{}% 107
\BOOKMARK [1][-]{section.90}{\376\377\000V\000a\000c\000a\000t\000i\000o\000n\000\040\000o\000f\000\040\000o\000f\000f\000i\000c\000e\000\040\000o\000f\000\040\000d\000i\000r\000e\000c\000t\000o\000r}{}% 108
\BOOKMARK [1][-]{section.91}{\376\377\000D\000i\000r\000e\000c\000t\000o\000r\000\040\000t\000o\000\040\000d\000i\000s\000c\000l\000o\000s\000e\000\040\000i\000n\000t\000e\000r\000e\000s\000t\000s}{}% 109
\BOOKMARK [1][-]{section.92}{\376\377\000E\000f\000f\000e\000c\000t\000\040\000o\000f\000\040\000i\000n\000t\000e\000r\000e\000s\000t\000\040\000i\000n\000\040\000c\000o\000n\000t\000r\000a\000c\000t}{}% 110
\BOOKMARK [1][-]{section.93}{\376\377\000S\000t\000a\000n\000d\000i\000n\000g\000\040\000n\000o\000t\000i\000c\000e\000\040\000o\000f\000\040\000i\000n\000t\000e\000r\000e\000s\000t}{}% 111
\BOOKMARK [1][-]{section.94}{\376\377\000O\000t\000h\000e\000r\000\040\000i\000n\000t\000e\000r\000e\000s\000t\000s}{}% 112
\BOOKMARK [1][-]{section.95}{\376\377\000E\000x\000t\000e\000n\000s\000i\000o\000n\000\040\000o\000f\000\040\000m\000e\000a\000n\000i\000n\000g\000\040\000o\000f\000\040\000"\000C\000o\000m\000p\000a\000n\000y\000"}{}% 113
\BOOKMARK [1][-]{section.96}{\376\377\000O\000t\000h\000e\000r\000\040\000d\000i\000r\000e\000c\000t\000o\000r\000s\000h\000i\000p\000s\000\040\000a\000n\000d\000\040\000s\000h\000a\000r\000e\000h\000o\000l\000d\000i\000n\000g\000s}{}% 114
\BOOKMARK [1][-]{section.97}{\376\377\000W\000h\000o\000l\000l\000y\000\040\000o\000w\000n\000e\000d\000\040\000s\000u\000b\000s\000i\000d\000i\000a\000r\000y}{}% 115
\BOOKMARK [1][-]{section.98}{\376\377\000C\000i\000r\000c\000u\000l\000a\000t\000i\000n\000g\000\040\000r\000e\000s\000o\000l\000u\000t\000i\000o\000n\000s\000\040\000i\000n\000\040\000d\000i\000r\000e\000c\000t\000o\000r\000s\000'\000\040\000m\000e\000e\000t\000i\000n\000g\000s}{}% 116
\BOOKMARK [1][-]{section.99}{\376\377\000R\000e\000s\000e\000r\000v\000e\000d\000\040\000M\000a\000t\000t\000e\000r\000s}{}% 117
\BOOKMARK [1][-]{section.100}{\376\377\000C\000a\000l\000l\000i\000n\000g\000\040\000d\000i\000r\000e\000c\000t\000o\000r\000s\000'\000\040\000m\000e\000e\000t\000i\000n\000g\000s}{}% 118
\BOOKMARK [1][-]{section.101}{\376\377\000N\000o\000t\000i\000c\000e\000\040\000o\000f\000\040\000m\000e\000e\000t\000i\000n\000g}{}% 119
\BOOKMARK [1][-]{section.102}{\376\377\000W\000a\000i\000v\000e\000r\000\040\000o\000f\000\040\000n\000o\000t\000i\000c\000e}{}% 120
\BOOKMARK [1][-]{section.103}{\376\377\000T\000e\000c\000h\000n\000o\000l\000o\000g\000y\000\040\000m\000e\000e\000t\000i\000n\000g\000\040\000o\000f\000\040\000d\000i\000r\000e\000c\000t\000o\000r\000s}{}% 121
\BOOKMARK [1][-]{section.104}{\376\377\000C\000h\000a\000i\000r\000p\000e\000r\000s\000o\000n\000\040\000a\000t\000\040\000d\000i\000r\000e\000c\000t\000o\000r\000s\000'\000\040\000m\000e\000e\000t\000i\000n\000g\000s}{}% 122
\BOOKMARK [1][-]{section.105}{\376\377\000Q\000u\000o\000r\000u\000m\000\040\000f\000o\000r\000\040\000m\000e\000e\000t\000i\000n\000g\000\040\000o\000f\000\040\000d\000i\000r\000e\000c\000t\000o\000r\000s}{}% 123
\BOOKMARK [1][-]{section.106}{\376\377\000P\000a\000s\000s\000i\000n\000g\000\040\000o\000f\000\040\000d\000i\000r\000e\000c\000t\000o\000r\000s\000'\000\040\000r\000e\000s\000o\000l\000u\000t\000i\000o\000n\000s}{}% 124
\BOOKMARK [1][-]{section.107}{\376\377\000R\000e\000s\000t\000r\000i\000c\000t\000i\000o\000n\000\040\000o\000n\000\040\000v\000o\000t\000i\000n\000g}{}% 125
\BOOKMARK [1][-]{section.108}{\376\377\000P\000a\000y\000m\000e\000n\000t\000\040\000o\000f\000\040\000r\000e\000m\000u\000n\000e\000r\000a\000t\000i\000o\000n\000\040\000o\000f\000\040\000d\000i\000r\000e\000c\000t\000o\000r\000s}{}% 126
\BOOKMARK [1][-]{section.109}{\376\377\000P\000a\000y\000m\000e\000n\000t\000\040\000o\000f\000\040\000e\000x\000p\000e\000n\000s\000e\000s}{}% 127
\BOOKMARK [1][-]{section.110}{\376\377\000R\000e\000s\000o\000l\000u\000t\000i\000o\000n\000s\000\040\000a\000n\000d\000\040\000d\000e\000c\000l\000a\000r\000a\000t\000i\000o\000n\000s\000\040\000o\000f\000\040\000s\000o\000l\000e\000\040\000d\000i\000r\000e\000c\000t\000o\000r}{}% 128
\BOOKMARK [1][-]{section.111}{\376\377\000M\000e\000e\000t\000i\000n\000g\000s\000\040\000o\000f\000\040\000d\000i\000r\000e\000c\000t\000o\000r\000s}{}% 129
\BOOKMARK [1][-]{section.112}{\376\377\000I\000n\000f\000o\000r\000m\000a\000t\000i\000o\000n\000\040\000a\000b\000o\000u\000t\000\040\000d\000i\000r\000e\000c\000t\000o\000r\000s\000'\000\040\000r\000e\000m\000u\000n\000e\000r\000a\000t\000i\000o\000n}{}% 130
\BOOKMARK [1][-]{section.113}{\376\377\000P\000a\000y\000m\000e\000n\000t\000\040\000f\000o\000r\000\040\000e\000x\000t\000r\000a\000\040\000s\000e\000r\000v\000i\000c\000e\000s}{}% 131
\BOOKMARK [1][-]{section.114}{\376\377\000C\000a\000n\000c\000e\000l\000l\000a\000t\000i\000o\000n\000,\000\040\000s\000u\000s\000p\000e\000n\000s\000i\000o\000n\000,\000\040\000r\000e\000d\000u\000c\000t\000i\000o\000n\000\040\000o\000r\000\040\000p\000o\000s\000t\000p\000o\000n\000e\000m\000e\000n\000t}{}% 132
\BOOKMARK [1][-]{section.115}{\376\377\000C\000e\000s\000s\000a\000t\000i\000o\000n\000\040\000o\000f\000\040\000o\000f\000f\000i\000c\000e}{}% 133
\BOOKMARK [1][-]{section.116}{\376\377\000P\000a\000y\000m\000e\000n\000t\000\040\000o\000f\000\040\000s\000u\000p\000e\000r\000a\000n\000n\000u\000a\000t\000i\000o\000n\000\040\000c\000o\000n\000t\000r\000i\000b\000u\000t\000i\000o\000n\000s}{}% 134
\BOOKMARK [1][-]{section.117}{\376\377\000L\000o\000a\000n\000s\000\040\000t\000o\000\040\000d\000i\000r\000e\000c\000t\000o\000r\000s}{}% 135
\BOOKMARK [1][-]{section.118}{\376\377\000S\000e\000c\000r\000e\000t\000a\000r\000y}{}% 136
\BOOKMARK [1][-]{section.119}{\376\377\000A\000p\000p\000o\000i\000n\000t\000m\000e\000n\000t\000\040\000o\000f\000\040\000s\000e\000c\000r\000e\000t\000a\000r\000y}{}% 137
\BOOKMARK [1][-]{section.120}{\376\377\000T\000e\000r\000m\000s\000\040\000o\000f\000\040\000o\000f\000f\000i\000c\000e\000\040\000o\000f\000\040\000s\000e\000c\000r\000e\000t\000a\000r\000y}{}% 138
\BOOKMARK [1][-]{section.121}{\376\377\000P\000a\000y\000m\000e\000n\000t\000\040\000o\000f\000\040\000d\000i\000v\000i\000d\000e\000n\000d\000s}{}% 139
\BOOKMARK [1][-]{section.122}{\376\377\000C\000h\000a\000n\000g\000e\000\040\000d\000e\000c\000i\000s\000i\000o\000n\000\040\000t\000o\000\040\000p\000a\000y\000\040\000d\000i\000v\000i\000d\000e\000n\000d}{}% 140
\BOOKMARK [1][-]{section.123}{\376\377\000P\000o\000w\000e\000r\000\040\000t\000o\000\040\000e\000m\000p\000l\000o\000y\000\040\000r\000e\000s\000e\000r\000v\000e\000s}{}% 141
\BOOKMARK [1][-]{section.124}{\376\377\000C\000r\000e\000d\000i\000t\000i\000n\000g\000\040\000o\000f\000\040\000d\000i\000v\000i\000d\000e\000n\000d\000s}{}% 142
\BOOKMARK [1][-]{section.125}{\376\377\000D\000i\000v\000i\000d\000e\000n\000d\000s\000\040\000w\000h\000e\000r\000e\000\040\000d\000i\000f\000f\000e\000r\000e\000n\000t\000\040\000c\000l\000a\000s\000s\000e\000s\000\040\000o\000f\000\040\000s\000h\000a\000r\000e\000s}{}% 143
\BOOKMARK [1][-]{section.126}{\376\377\000D\000e\000d\000u\000c\000t\000i\000o\000n\000s\000\040\000f\000r\000o\000m\000\040\000d\000i\000v\000i\000d\000e\000n\000d\000s}{}% 144
\BOOKMARK [1][-]{section.127}{\376\377\000U\000n\000c\000l\000a\000i\000m\000e\000d\000\040\000d\000i\000v\000i\000d\000e\000n\000d\000s}{}% 145
\BOOKMARK [1][-]{section.128}{\376\377\000E\000n\000t\000i\000t\000l\000e\000m\000e\000n\000t\000\040\000t\000o\000\040\000d\000i\000v\000i\000d\000e\000n\000d\000s}{}% 146
\BOOKMARK [1][-]{section.129}{\376\377\000P\000a\000y\000m\000e\000n\000t\000\040\000o\000f\000\040\000d\000i\000v\000i\000d\000e\000n\000d\000s\000\040\000o\000n\000\040\000t\000r\000a\000n\000s\000m\000i\000s\000s\000i\000o\000n}{}% 147
\BOOKMARK [1][-]{section.130}{\376\377\000P\000a\000y\000m\000e\000n\000t\000\040\000o\000f\000\040\000d\000i\000v\000i\000d\000e\000n\000d\000s\000\040\000b\000y\000\040\000a\000s\000s\000e\000t\000\040\000d\000i\000s\000t\000r\000i\000b\000u\000t\000i\000o\000n}{}% 148
\BOOKMARK [1][-]{section.131}{\376\377\000M\000a\000n\000n\000e\000r\000\040\000o\000f\000\040\000p\000a\000y\000m\000e\000n\000t\000\040\000o\000f\000\040\000d\000i\000v\000i\000d\000e\000n\000d\000s}{}% 149
\BOOKMARK [1][-]{section.132}{\376\377\000I\000n\000d\000e\000m\000n\000i\000t\000y}{}% 150
\BOOKMARK [1][-]{section.133}{\376\377\000I\000n\000s\000u\000r\000a\000n\000c\000e}{}% 151
\BOOKMARK [1][-]{section.134}{\376\377\000D\000i\000r\000e\000c\000t\000o\000r\000\040\000v\000o\000t\000i\000n\000g\000\040\000o\000n\000\040\000c\000o\000n\000t\000r\000a\000c\000t\000\040\000o\000f\000\040\000i\000n\000d\000e\000m\000n\000i\000t\000y\000\040\000o\000r\000\040\000i\000n\000s\000u\000r\000a\000n\000c\000e}{}% 152
\BOOKMARK [1][-]{section.135}{\376\377\000L\000i\000a\000b\000i\000l\000i\000t\000y}{}% 153
\BOOKMARK [1][-]{section.136}{\376\377\000M\000e\000a\000n\000i\000n\000g\000\040\000o\000f\000\040\000"\000o\000f\000f\000i\000c\000e\000r\000"}{}% 154
\BOOKMARK [1][-]{section.137}{\376\377\000S\000h\000a\000r\000e\000h\000o\000l\000d\000e\000r\000s\000'\000\040\000r\000i\000g\000h\000t\000s\000\040\000o\000n\000\040\000w\000i\000n\000d\000i\000n\000g\000\040\000u\000p}{}% 155
\BOOKMARK [1][-]{section.138}{\376\377\000M\000i\000n\000u\000t\000e\000s\000\040\000t\000o\000\040\000b\000e\000\040\000k\000e\000p\000t}{}% 156
\BOOKMARK [1][-]{section.139}{\376\377\000R\000i\000g\000h\000t\000s\000\040\000o\000f\000\040\000i\000n\000s\000p\000e\000c\000t\000i\000o\000n}{}% 157
\BOOKMARK [1][-]{section.140}{\376\377\000C\000o\000n\000f\000i\000d\000e\000n\000t\000i\000a\000l\000\040\000i\000n\000f\000o\000r\000m\000a\000t\000i\000o\000n}{}% 158
\BOOKMARK [1][-]{section.141}{\376\377\000B\000e\000s\000t\000\040\000P\000r\000a\000c\000t\000i\000c\000e\000\040\000C\000o\000m\000p\000l\000i\000a\000n\000c\000e\000\040\000a\000n\000d\000\040\000L\000e\000g\000a\000l\000\040\000R\000e\000q\000u\000i\000r\000e\000m\000e\000n\000t\000s}{}% 159
\BOOKMARK [2][-]{subsection.141.1}{\376\377\000C\000o\000r\000p\000o\000r\000a\000t\000i\000o\000n\000s\000\040\000A\000c\000t\000\040\0002\0000\0000\0001\000\040\000C\000o\000m\000p\000l\000i\000a\000n\000c\000e}{section.141}% 160
\BOOKMARK [2][-]{subsection.141.2}{\376\377\000C\000o\000r\000p\000o\000r\000a\000t\000e\000\040\000G\000o\000v\000e\000r\000n\000a\000n\000c\000e\000\040\000B\000e\000s\000t\000\040\000P\000r\000a\000c\000t\000i\000c\000e\000s}{section.141}% 161
\BOOKMARK [2][-]{subsection.141.3}{\376\377\000F\000u\000t\000u\000r\000e\000\040\000I\000n\000v\000e\000s\000t\000m\000e\000n\000t\000\040\000a\000n\000d\000\040\000I\000P\000O\000\040\000R\000e\000a\000d\000i\000n\000e\000s\000s}{section.141}% 162
\BOOKMARK [2][-]{subsection.141.4}{\376\377\000R\000i\000s\000k\000\040\000M\000a\000n\000a\000g\000e\000m\000e\000n\000t\000\040\000a\000n\000d\000\040\000L\000e\000g\000a\000l\000\040\000P\000r\000o\000t\000e\000c\000t\000i\000o\000n}{section.141}% 163
\BOOKMARK [2][-]{subsection.141.5}{\376\377\000I\000n\000d\000u\000s\000t\000r\000y\000-\000S\000p\000e\000c\000i\000f\000i\000c\000\040\000C\000o\000n\000s\000i\000d\000e\000r\000a\000t\000i\000o\000n\000s}{section.141}% 164
\BOOKMARK [2][-]{subsection.141.6}{\376\377\000P\000e\000r\000i\000o\000d\000i\000c\000\040\000R\000e\000v\000i\000e\000w\000\040\000R\000e\000q\000u\000i\000r\000e\000m\000e\000n\000t\000s}{section.141}% 165
