\BOOKMARK [1][-]{section.1}{\376\377\000P\000A\000R\000T\000I\000E\000S}{}% 1
\BOOKMARK [2][-]{subsection.1.1}{\376\377\000T\000h\000e\000\040\000C\000o\000m\000p\000a\000n\000y}{section.1}% 2
\BOOKMARK [2][-]{subsection.1.2}{\376\377\000T\000h\000e\000\040\000I\000n\000i\000t\000i\000a\000l\000\040\000S\000h\000a\000r\000e\000h\000o\000l\000d\000e\000r\000s}{section.1}% 3
\BOOKMARK [1][-]{section.2}{\376\377\000B\000A\000C\000K\000G\000R\000O\000U\000N\000D}{}% 4
\BOOKMARK [1][-]{section.3}{\376\377\000R\000E\000C\000I\000T\000A\000L\000S}{}% 5
\BOOKMARK [1][-]{section.4}{\376\377\000I\000N\000T\000E\000R\000P\000R\000E\000T\000A\000T\000I\000O\000N}{}% 6
\BOOKMARK [2][-]{subsection.4.1}{\376\377\000D\000e\000f\000i\000n\000i\000t\000i\000o\000n\000s}{section.4}% 7
\BOOKMARK [2][-]{subsection.4.2}{\376\377\000C\000o\000n\000s\000t\000r\000u\000c\000t\000i\000o\000n}{section.4}% 8
\BOOKMARK [2][-]{subsection.4.3}{\376\377\000P\000r\000e\000c\000e\000d\000e\000n\000c\000e}{section.4}% 9
\BOOKMARK [1][-]{section.5}{\376\377\000S\000H\000A\000R\000E\000H\000O\000L\000D\000I\000N\000G\000S\000\040\000A\000N\000D\000\040\000C\000A\000P\000I\000T\000A\000L\000\040\000S\000T\000R\000U\000C\000T\000U\000R\000E}{}% 10
\BOOKMARK [2][-]{subsection.5.1}{\376\377\000F\000i\000x\000e\000d\000\040\000S\000h\000a\000r\000e\000h\000o\000l\000d\000i\000n\000g\000s}{section.5}% 11
\BOOKMARK [2][-]{subsection.5.2}{\376\377\000F\000u\000t\000u\000r\000e\000\040\000S\000h\000a\000r\000e\000\040\000I\000s\000s\000u\000e\000s\000\040\000b\000y\000\040\000t\000h\000e\000\040\000C\000o\000m\000p\000a\000n\000y}{section.5}% 12
\BOOKMARK [2][-]{subsection.5.3}{\376\377\000S\000h\000a\000r\000e\000\040\000T\000r\000a\000n\000s\000f\000e\000r\000\040\000R\000e\000s\000t\000r\000i\000c\000t\000i\000o\000n\000s}{section.5}% 13
\BOOKMARK [2][-]{subsection.5.4}{\376\377\000I\000n\000v\000e\000s\000t\000o\000r\000\040\000S\000h\000a\000r\000e\000\040\000P\000o\000o\000l}{section.5}% 14
\BOOKMARK [2][-]{subsection.5.5}{\376\377\000I\000n\000v\000e\000s\000t\000o\000r\000\040\000V\000e\000s\000t\000i\000n\000g\000\040\000a\000n\000d\000\040\000T\000r\000a\000n\000s\000f\000e\000r\000\040\000R\000e\000s\000t\000r\000i\000c\000t\000i\000o\000n\000s}{section.5}% 15
\BOOKMARK [1][-]{section.6}{\376\377\000I\000N\000T\000E\000L\000L\000E\000C\000T\000U\000A\000L\000\040\000P\000R\000O\000P\000E\000R\000T\000Y\000\040\000A\000N\000D\000\040\000C\000O\000N\000F\000I\000D\000E\000N\000T\000I\000A\000L\000I\000T\000Y}{}% 16
\BOOKMARK [2][-]{subsection.6.1}{\376\377\000C\000u\000r\000r\000e\000n\000t\000\040\000I\000P\000\040\000O\000w\000n\000e\000r\000s\000h\000i\000p}{section.6}% 17
\BOOKMARK [2][-]{subsection.6.2}{\376\377\000F\000u\000t\000u\000r\000e\000\040\000I\000P\000\040\000A\000s\000s\000i\000g\000n\000m\000e\000n\000t}{section.6}% 18
\BOOKMARK [2][-]{subsection.6.3}{\376\377\000I\000n\000t\000e\000r\000i\000m\000\040\000I\000P\000\040\000L\000i\000c\000e\000n\000s\000e}{section.6}% 19
\BOOKMARK [2][-]{subsection.6.4}{\376\377\000T\000e\000c\000h\000n\000o\000l\000o\000g\000y\000\040\000P\000r\000o\000t\000e\000c\000t\000i\000o\000n\000\040\000a\000n\000d\000\040\000G\000o\000v\000e\000r\000n\000a\000n\000c\000e}{section.6}% 20
\BOOKMARK [2][-]{subsection.6.5}{\376\377\000E\000m\000p\000l\000o\000y\000e\000e\000\040\000I\000P\000\040\000C\000o\000n\000t\000r\000i\000b\000u\000t\000i\000o\000n\000s}{section.6}% 21
\BOOKMARK [2][-]{subsection.6.6}{\376\377\000C\000o\000n\000f\000i\000d\000e\000n\000t\000i\000a\000l\000i\000t\000y\000\040\000O\000b\000l\000i\000g\000a\000t\000i\000o\000n\000s\000\040\000b\000y\000\040\000S\000h\000a\000r\000e\000\040\000C\000l\000a\000s\000s}{section.6}% 22
\BOOKMARK [1][-]{section.7}{\376\377\000F\000U\000T\000U\000R\000E\000\040\000F\000U\000N\000D\000I\000N\000G\000\040\000A\000N\000D\000\040\000S\000H\000A\000R\000E\000\040\000A\000L\000L\000O\000C\000A\000T\000I\000O\000N}{}% 23
\BOOKMARK [2][-]{subsection.7.1}{\376\377\000S\000h\000a\000r\000e\000\040\000C\000l\000a\000s\000s\000\040\000S\000t\000r\000u\000c\000t\000u\000r\000e\000\040\000a\000n\000d\000\040\000A\000l\000l\000o\000c\000a\000t\000i\000o\000n}{section.7}% 24
\BOOKMARK [2][-]{subsection.7.2}{\376\377\000S\000t\000r\000a\000t\000e\000g\000i\000c\000\040\000I\000n\000v\000e\000s\000t\000o\000r\000\040\000P\000a\000r\000t\000i\000c\000i\000p\000a\000t\000i\000o\000n}{section.7}% 25
\BOOKMARK [2][-]{subsection.7.3}{\376\377\000E\000m\000p\000l\000o\000y\000e\000e\000\040\000S\000h\000a\000r\000e\000\040\000P\000l\000a\000n}{section.7}% 26
\BOOKMARK [2][-]{subsection.7.4}{\376\377\000A\000d\000v\000i\000s\000o\000r\000\040\000a\000n\000d\000\040\000C\000o\000n\000s\000u\000l\000t\000a\000n\000t\000\040\000A\000l\000l\000o\000c\000a\000t\000i\000o\000n}{section.7}% 27
\BOOKMARK [2][-]{subsection.7.5}{\376\377\000A\000d\000d\000i\000t\000i\000o\000n\000a\000l\000\040\000C\000a\000p\000i\000t\000a\000l\000\040\000R\000e\000q\000u\000i\000r\000e\000m\000e\000n\000t\000s}{section.7}% 28
\BOOKMARK [2][-]{subsection.7.6}{\376\377\000A\000n\000t\000i\000-\000D\000i\000l\000u\000t\000i\000o\000n\000\040\000a\000n\000d\000\040\000P\000r\000e\000-\000E\000m\000p\000t\000i\000v\000e\000\040\000R\000i\000g\000h\000t\000s}{section.7}% 29
\BOOKMARK [2][-]{subsection.7.7}{\376\377\000V\000a\000l\000u\000a\000t\000i\000o\000n\000\040\000a\000n\000d\000\040\000P\000r\000i\000c\000i\000n\000g}{section.7}% 30
\BOOKMARK [2][-]{subsection.7.8}{\376\377\000R\000\046\000D\000\040\000a\000n\000d\000\040\000G\000r\000o\000w\000t\000h\000\040\000F\000u\000n\000d\000i\000n\000g}{section.7}% 31
\BOOKMARK [2][-]{subsection.7.9}{\376\377\000E\000x\000t\000e\000r\000n\000a\000l\000\040\000I\000n\000v\000e\000s\000t\000m\000e\000n\000t}{section.7}% 32
\BOOKMARK [2][-]{subsection.7.10}{\376\377\000S\000h\000a\000r\000e\000h\000o\000l\000d\000e\000r\000\040\000L\000o\000a\000n\000s}{section.7}% 33
\BOOKMARK [1][-]{section.8}{\376\377\000T\000r\000a\000n\000s\000f\000e\000r\000\040\000o\000f\000\040\000S\000h\000a\000r\000e\000s}{}% 34
\BOOKMARK [2][-]{subsection.8.1}{\376\377\000G\000e\000n\000e\000r\000a\000l\000\040\000P\000r\000o\000h\000i\000b\000i\000t\000i\000o\000n\000\040\000a\000n\000d\000\040\000S\000h\000a\000r\000e\000\040\000C\000l\000a\000s\000s\000\040\000T\000r\000a\000n\000s\000f\000e\000r\000\040\000R\000e\000s\000t\000r\000i\000c\000t\000i\000o\000n\000s}{section.8}% 35
\BOOKMARK [2][-]{subsection.8.2}{\376\377\000P\000e\000r\000m\000i\000t\000t\000e\000d\000\040\000T\000r\000a\000n\000s\000f\000e\000r\000s\000\040\000b\000y\000\040\000S\000h\000a\000r\000e\000\040\000C\000l\000a\000s\000s}{section.8}% 36
\BOOKMARK [2][-]{subsection.8.3}{\376\377\000R\000i\000g\000h\000t\000\040\000o\000f\000\040\000F\000i\000r\000s\000t\000\040\000R\000e\000f\000u\000s\000a\000l\000\040\000b\000y\000\040\000S\000h\000a\000r\000e\000\040\000C\000l\000a\000s\000s}{section.8}% 37
\BOOKMARK [2][-]{subsection.8.4}{\376\377\000T\000a\000g\000-\000A\000l\000o\000n\000g\000\040\000R\000i\000g\000h\000t\000s\000\040\000b\000y\000\040\000S\000h\000a\000r\000e\000\040\000C\000l\000a\000s\000s}{section.8}% 38
\BOOKMARK [2][-]{subsection.8.5}{\376\377\000D\000r\000a\000g\000-\000A\000l\000o\000n\000g\000\040\000R\000i\000g\000h\000t\000s}{section.8}% 39
\BOOKMARK [2][-]{subsection.8.6}{\376\377\000E\000m\000p\000l\000o\000y\000e\000e\000\040\000S\000h\000a\000r\000e\000\040\000F\000o\000r\000f\000e\000i\000t\000u\000r\000e\000\040\000a\000n\000d\000\040\000B\000u\000y\000b\000a\000c\000k}{section.8}% 40
\BOOKMARK [2][-]{subsection.8.7}{\376\377\000D\000e\000e\000d\000\040\000o\000f\000\040\000A\000c\000c\000e\000s\000s\000i\000o\000n\000\040\000b\000y\000\040\000S\000h\000a\000r\000e\000\040\000C\000l\000a\000s\000s}{section.8}% 41
\BOOKMARK [2][-]{subsection.8.8}{\376\377\000V\000a\000l\000u\000a\000t\000i\000o\000n\000\040\000M\000e\000t\000h\000o\000d\000o\000l\000o\000g\000y\000\040\000f\000o\000r\000\040\000T\000r\000a\000n\000s\000f\000e\000r\000s}{section.8}% 42
\BOOKMARK [2][-]{subsection.8.9}{\376\377\000N\000o\000\040\000E\000n\000c\000u\000m\000b\000r\000a\000n\000c\000e\000s\000\040\000b\000y\000\040\000S\000h\000a\000r\000e\000\040\000C\000l\000a\000s\000s}{section.8}% 43
\BOOKMARK [2][-]{subsection.8.10}{\376\377\000C\000o\000m\000p\000a\000n\000y\000'\000s\000\040\000O\000b\000l\000i\000g\000a\000t\000i\000o\000n\000\040\000t\000o\000\040\000R\000e\000g\000i\000s\000t\000e\000r\000\040\000T\000r\000a\000n\000s\000f\000e\000r\000s}{section.8}% 44
\BOOKMARK [1][-]{section.9}{\376\377\000E\000X\000I\000T\000\040\000M\000E\000C\000H\000A\000N\000I\000S\000M\000S}{}% 45
\BOOKMARK [2][-]{subsection.9.1}{\376\377\000E\000x\000i\000t\000\040\000E\000v\000e\000n\000t\000s}{section.9}% 46
\BOOKMARK [2][-]{subsection.9.2}{\376\377\000I\000P\000O\000\040\000P\000r\000o\000v\000i\000s\000i\000o\000n\000s}{section.9}% 47
\BOOKMARK [2][-]{subsection.9.3}{\376\377\000T\000r\000a\000d\000e\000\040\000S\000a\000l\000e}{section.9}% 48
\BOOKMARK [2][-]{subsection.9.4}{\376\377\000B\000u\000y\000-\000O\000u\000t\000\040\000M\000e\000c\000h\000a\000n\000i\000s\000m}{section.9}% 49
\BOOKMARK [2][-]{subsection.9.5}{\376\377\000D\000e\000a\000d\000l\000o\000c\000k\000\040\000P\000r\000o\000v\000i\000s\000i\000o\000n\000s}{section.9}% 50
\BOOKMARK [1][-]{section.10}{\376\377\000M\000A\000N\000A\000G\000E\000M\000E\000N\000T\000\040\000A\000N\000D\000\040\000G\000O\000V\000E\000R\000N\000A\000N\000C\000E}{}% 51
\BOOKMARK [2][-]{subsection.10.1}{\376\377\000B\000o\000a\000r\000d\000\040\000C\000o\000m\000p\000o\000s\000i\000t\000i\000o\000n}{section.10}% 52
\BOOKMARK [2][-]{subsection.10.2}{\376\377\000B\000o\000a\000r\000d\000\040\000M\000e\000e\000t\000i\000n\000g\000s}{section.10}% 53
\BOOKMARK [2][-]{subsection.10.3}{\376\377\000M\000a\000n\000a\000g\000e\000m\000e\000n\000t\000\040\000R\000o\000l\000e\000s\000\040\000a\000n\000d\000\040\000R\000e\000s\000p\000o\000n\000s\000i\000b\000i\000l\000i\000t\000i\000e\000s}{section.10}% 54
\BOOKMARK [2][-]{subsection.10.4}{\376\377\000G\000r\000o\000w\000t\000h\000\040\000C\000o\000m\000m\000i\000t\000m\000e\000n\000t\000\040\000a\000n\000d\000\040\000R\000e\000s\000o\000u\000r\000c\000e\000\040\000A\000l\000l\000o\000c\000a\000t\000i\000o\000n}{section.10}% 55
\BOOKMARK [2][-]{subsection.10.5}{\376\377\000R\000e\000s\000e\000r\000v\000e\000d\000\040\000M\000a\000t\000t\000e\000r\000s\000\040\000\050\000R\000e\000q\000u\000i\000r\000i\000n\000g\000\040\000S\000h\000a\000r\000e\000h\000o\000l\000d\000e\000r\000\040\000A\000p\000p\000r\000o\000v\000a\000l\000\051}{section.10}% 56
\BOOKMARK [2][-]{subsection.10.6}{\376\377\000S\000h\000a\000r\000e\000h\000o\000l\000d\000e\000r\000\040\000M\000e\000e\000t\000i\000n\000g\000s}{section.10}% 57
\BOOKMARK [2][-]{subsection.10.7}{\376\377\000I\000n\000f\000o\000r\000m\000a\000t\000i\000o\000n\000\040\000R\000i\000g\000h\000t\000s}{section.10}% 58
\BOOKMARK [2][-]{subsection.10.8}{\376\377\000C\000o\000m\000p\000a\000n\000y\000\040\000S\000e\000c\000r\000e\000t\000a\000r\000y}{section.10}% 59
\BOOKMARK [2][-]{subsection.10.9}{\376\377\000R\000e\000l\000a\000t\000i\000o\000n\000s\000h\000i\000p\000\040\000w\000i\000t\000h\000\040\000C\000o\000n\000s\000t\000i\000t\000u\000t\000i\000o\000n\000\040\000a\000n\000d\000\040\000C\000o\000r\000p\000o\000r\000a\000t\000i\000o\000n\000s\000\040\000A\000c\000t}{section.10}% 60
\BOOKMARK [1][-]{section.11}{\376\377\000F\000I\000N\000A\000N\000C\000I\000A\000L\000\040\000P\000R\000O\000V\000I\000S\000I\000O\000N\000S}{}% 61
\BOOKMARK [2][-]{subsection.11.1}{\376\377\000F\000i\000n\000a\000n\000c\000i\000a\000l\000\040\000Y\000e\000a\000r\000\040\000a\000n\000d\000\040\000A\000c\000c\000o\000u\000n\000t\000i\000n\000g\000\040\000R\000e\000c\000o\000r\000d\000s}{section.11}% 62
\BOOKMARK [2][-]{subsection.11.2}{\376\377\000B\000a\000n\000k\000i\000n\000g\000\040\000a\000n\000d\000\040\000F\000i\000n\000a\000n\000c\000i\000a\000l\000\040\000C\000o\000n\000t\000r\000o\000l\000s}{section.11}% 63
\BOOKMARK [2][-]{subsection.11.3}{\376\377\000D\000i\000v\000i\000d\000e\000n\000d\000\040\000P\000o\000l\000i\000c\000y}{section.11}% 64
\BOOKMARK [2][-]{subsection.11.4}{\376\377\000A\000u\000d\000i\000t}{section.11}% 65
\BOOKMARK [2][-]{subsection.11.5}{\376\377\000F\000u\000t\000u\000r\000e\000\040\000F\000u\000n\000d\000i\000n\000g\000\040\000a\000n\000d\000\040\000C\000a\000p\000i\000t\000a\000l\000\040\000C\000o\000n\000t\000r\000i\000b\000u\000t\000i\000o\000n\000s}{section.11}% 66
\BOOKMARK [2][-]{subsection.11.6}{\376\377\000C\000o\000m\000p\000a\000n\000y\000\040\000V\000a\000l\000u\000a\000t\000i\000o\000n\000\040\000f\000o\000r\000\040\000I\000n\000t\000e\000r\000n\000a\000l\000\040\000E\000v\000e\000n\000t\000s}{section.11}% 67
\BOOKMARK [1][-]{section.12}{\376\377\000G\000E\000N\000E\000R\000A\000L\000\040\000C\000L\000A\000U\000S\000E\000S}{}% 68
\BOOKMARK [2][-]{subsection.12.1}{\376\377\000N\000o\000t\000i\000c\000e\000s}{section.12}% 69
\BOOKMARK [2][-]{subsection.12.2}{\376\377\000G\000o\000v\000e\000r\000n\000i\000n\000g\000\040\000L\000a\000w\000\040\000a\000n\000d\000\040\000J\000u\000r\000i\000s\000d\000i\000c\000t\000i\000o\000n}{section.12}% 70
\BOOKMARK [2][-]{subsection.12.3}{\376\377\000E\000n\000t\000i\000r\000e\000\040\000A\000g\000r\000e\000e\000m\000e\000n\000t}{section.12}% 71
\BOOKMARK [2][-]{subsection.12.4}{\376\377\000A\000m\000e\000n\000d\000m\000e\000n\000t\000s}{section.12}% 72
\BOOKMARK [2][-]{subsection.12.5}{\376\377\000S\000e\000v\000e\000r\000a\000b\000i\000l\000i\000t\000y}{section.12}% 73
\BOOKMARK [2][-]{subsection.12.6}{\376\377\000W\000a\000i\000v\000e\000r}{section.12}% 74
\BOOKMARK [2][-]{subsection.12.7}{\376\377\000C\000o\000s\000t\000s}{section.12}% 75
\BOOKMARK [2][-]{subsection.12.8}{\376\377\000F\000u\000r\000t\000h\000e\000r\000\040\000A\000s\000s\000u\000r\000a\000n\000c\000e}{section.12}% 76
\BOOKMARK [2][-]{subsection.12.9}{\376\377\000C\000o\000u\000n\000t\000e\000r\000p\000a\000r\000t\000s}{section.12}% 77
\BOOKMARK [2][-]{subsection.12.10}{\376\377\000R\000e\000l\000a\000t\000i\000o\000n\000s\000h\000i\000p\000\040\000o\000f\000\040\000P\000a\000r\000t\000i\000e\000s}{section.12}% 78
\BOOKMARK [2][-]{subsection.12.11}{\376\377\000A\000n\000n\000o\000u\000n\000c\000e\000m\000e\000n\000t\000s}{section.12}% 79
\BOOKMARK [2][-]{subsection.12.12}{\376\377\000N\000o\000\040\000A\000s\000s\000i\000g\000n\000m\000e\000n\000t}{section.12}% 80
\BOOKMARK [2][-]{subsection.12.13}{\376\377\000C\000o\000m\000p\000l\000i\000a\000n\000c\000e\000\040\000w\000i\000t\000h\000\040\000t\000h\000e\000\040\000C\000o\000r\000p\000o\000r\000a\000t\000i\000o\000n\000s\000\040\000A\000c\000t\000\040\000a\000n\000d\000\040\000C\000o\000r\000p\000o\000r\000a\000t\000e\000\040\000G\000o\000v\000e\000r\000n\000a\000n\000c\000e}{section.12}% 81
\BOOKMARK [1][-]{section.13}{\376\377\000E\000x\000e\000c\000u\000t\000i\000o\000n}{}% 82
